<?xml version='1.0' encoding='UTF-8'?>
<testsuite hostname="PCPatrick" name="TestSignUp" tests="1" errors="0" failures="0" skipped="0" time="3.631" timestamp="2018-11-04T17:50:02">
                     <properties>
[...]
</properties>
                     <testcase classname="TestSignUp" name="SIGNUP" time="3.631">
                                                 
                                               </testcase>
                     <system-out><![CDATA[]]></system-out>
                     <system-err><![CDATA[]]></system-err>
                   </testsuite>